#
# There is insufficient memory for the Java Runtime Environment to continue.
# Native memory allocation (malloc) failed to allocate 1469008 bytes for Chunk::new
# Possible reasons:
#   The system is out of physical RAM or swap space
#   In 32 bit mode, the process size limit was hit
# Possible solutions:
#   Reduce memory load on the system
#   Increase physical memory or swap space
#   Check if swap backing store is full
#   Use 64 bit Java on a 64 bit OS
#   Decrease Java heap size (-Xmx/-Xms)
#   Decrease number of Java threads
#   Decrease Java thread stack sizes (-Xss)
#   Set larger code cache with -XX:ReservedCodeCacheSize=
# This output file may be truncated or incomplete.
#
#  Out of Memory Error (allocation.cpp:390), pid=10864, tid=0x00000000000019b8
#
# JRE version: Java(TM) SE Runtime Environment (8.0_171-b11) (build 1.8.0_171-b11)
# Java VM: Java HotSpot(TM) 64-Bit Server VM (25.171-b11 mixed mode windows-amd64 compressed oops)
# Failed to write core dump. Minidumps are not enabled by default on client versions of Windows
#

---------------  T H R E A D  ---------------

Current thread (0x0000000014de0800):  JavaThread "C2 CompilerThread0" daemon [_thread_in_native, id=6584, stack(0x0000000015e10000,0x0000000015f10000)]

Stack: [0x0000000015e10000,0x0000000015f10000]
[error occurred during error reporting (printing stack bounds), id 0xc0000005]

Native frames: (J=compiled Java code, j=interpreted, Vv=VM code, C=native code)


Current CompileTask:
C2:  74769 10831       4       org.objectweb.asm.ClassReader::readCode (5071 bytes)


---------------  P R O C E S S  ---------------

Java Threads: ( => current thread )
  0x00000000194f7000 JavaThread "Cache worker for Java compile cache (C:\entranet\Others\5_React Native\rnWebRTC\android\.gradle\4.10.2\javaCompile)" [_thread_blocked, id=11592, stack(0x0000000021bc0000,0x0000000021cc0000)]
  0x00000000194fb800 JavaThread "Cache worker for Java compile cache (C:\Users\userX\.gradle\caches\4.10.2\javaCompile)" [_thread_blocked, id=1096, stack(0x0000000021ac0000,0x0000000021bc0000)]
  0x00000000194f8800 JavaThread "stdout" daemon [_thread_in_native, id=11280, stack(0x00000000217c0000,0x00000000218c0000)]
  0x00000000194fc800 JavaThread "stderr" daemon [_thread_in_native, id=12520, stack(0x00000000216c0000,0x00000000217c0000)]
  0x00000000194fa000 JavaThread "pool-2-thread-1" [_thread_blocked, id=12596, stack(0x00000000215c0000,0x00000000216c0000)]
  0x00000000194f6800 JavaThread "Cache worker for Build Output Cleanup Cache (C:\entranet\Others\5_React Native\rnWebRTC\android\.gradle\buildOutputCleanup)" [_thread_blocked, id=9428, stack(0x0000000020ac0000,0x0000000020bc0000)]
  0x00000000194ef800 JavaThread "Cache worker for task history cache (C:\entranet\Others\5_React Native\rnWebRTC\android\.gradle\4.10.2\taskHistory)" [_thread_blocked, id=12728, stack(0x00000000209c0000,0x0000000020ac0000)]
  0x00000000194f2800 JavaThread "Task worker for ':'" [_thread_blocked, id=3620, stack(0x0000000020620000,0x0000000020720000)]
  0x00000000194ef000 JavaThread "Cache worker for file content cache (C:\entranet\Others\5_React Native\rnWebRTC\android\.gradle\4.10.2\fileContent)" [_thread_blocked, id=9200, stack(0x0000000020520000,0x0000000020620000)]
  0x00000000194f4000 JavaThread "Cache worker for file content cache (C:\Users\userX\.gradle\caches\4.10.2\fileContent)" [_thread_blocked, id=9124, stack(0x0000000020420000,0x0000000020520000)]
  0x00000000194f1000 JavaThread "Memory manager" [_thread_blocked, id=10968, stack(0x000000001f120000,0x000000001f220000)]
  0x00000000194f0800 JavaThread "pool-1-thread-1" [_thread_blocked, id=13972, stack(0x000000001e020000,0x000000001e120000)]
  0x00000000176b1000 JavaThread "Build operations Thread 2" [_thread_blocked, id=9816, stack(0x000000001db20000,0x000000001dc20000)]
  0x00000000176b2800 JavaThread "Build operations" [_thread_blocked, id=1860, stack(0x000000001da20000,0x000000001db20000)]
  0x00000000176b0800 JavaThread "Cache worker for Artifact transforms cache (C:\Users\userX\.gradle\caches\transforms-1)" [_thread_blocked, id=5420, stack(0x000000001d7f0000,0x000000001d8f0000)]
  0x00000000176af800 JavaThread "Cache worker for cache directory md-rule (C:\Users\userX\.gradle\caches\4.10.2\md-rule)" [_thread_blocked, id=1488, stack(0x000000001d6f0000,0x000000001d7f0000)]
  0x00000000176ae000 JavaThread "Cache worker for cache directory md-supplier (C:\Users\userX\.gradle\caches\4.10.2\md-supplier)" [_thread_blocked, id=7368, stack(0x000000001d5f0000,0x000000001d6f0000)]
  0x00000000176b2000 JavaThread "Cache worker for journal cache (C:\Users\userX\.gradle\caches\journal-1)" [_thread_blocked, id=11836, stack(0x000000001b8b0000,0x000000001b9b0000)]
  0x00000000176ad800 JavaThread "Cache worker for file hash cache (C:\entranet\Others\5_React Native\rnWebRTC\android\.gradle\4.10.2\fileHashes)" [_thread_blocked, id=10568, stack(0x000000001a330000,0x000000001a430000)]
  0x00000000176b4000 JavaThread "File lock request listener" [_thread_in_native, id=4776, stack(0x000000001a230000,0x000000001a330000)]
  0x00000000176b3800 JavaThread "Cache worker for file hash cache (C:\Users\userX\.gradle\caches\4.10.2\fileHashes)" [_thread_blocked, id=8472, stack(0x0000000019f30000,0x000000001a030000)]
  0x0000000016dbf000 JavaThread "Stdin handler" [_thread_blocked, id=5848, stack(0x0000000018c60000,0x0000000018d60000)]
  0x000000001743f800 JavaThread "Asynchronous log dispatcher for DefaultDaemonConnection: socket connection from /127.0.0.1:63372 to /127.0.0.1:63373" [_thread_blocked, id=8660, stack(0x0000000018b60000,0x0000000018c60000)]
  0x000000001743a000 JavaThread "Daemon worker" [_thread_blocked, id=9624, stack(0x0000000018a60000,0x0000000018b60000)]
  0x0000000017439800 JavaThread "Cancel handler" [_thread_blocked, id=2552, stack(0x0000000018960000,0x0000000018a60000)]
  0x00000000173f4000 JavaThread "Handler for socket connection from /127.0.0.1:63372 to /127.0.0.1:63373" [_thread_in_native, id=6532, stack(0x0000000018860000,0x0000000018960000)]
  0x00000000173f1800 JavaThread "Daemon" [_thread_blocked, id=13548, stack(0x0000000018760000,0x0000000018860000)]
  0x000000001635c800 JavaThread "Daemon periodic checks" [_thread_blocked, id=4992, stack(0x0000000018660000,0x0000000018760000)]
  0x00000000172c9000 JavaThread "Incoming local TCP Connector on port 63372" [_thread_in_native, id=12736, stack(0x0000000018420000,0x0000000018520000)]
  0x0000000017392000 JavaThread "Daemon health stats" [_thread_blocked, id=8972, stack(0x0000000017de0000,0x0000000017ee0000)]
  0x0000000014e4b800 JavaThread "Service Thread" daemon [_thread_blocked, id=11672, stack(0x0000000016010000,0x0000000016110000)]
  0x0000000014de2800 JavaThread "C1 CompilerThread1" daemon [_thread_blocked, id=14620, stack(0x0000000015f10000,0x0000000016010000)]
=>0x0000000014de0800 JavaThread "C2 CompilerThread0" daemon [_thread_in_native, id=6584, stack(0x0000000015e10000,0x0000000015f10000)]
  0x0000000014ddf000 JavaThread "Attach Listener" daemon [_thread_blocked, id=524, stack(0x0000000015d10000,0x0000000015e10000)]
  0x0000000014dd8000 JavaThread "Signal Dispatcher" daemon [_thread_blocked, id=6900, stack(0x0000000015c10000,0x0000000015d10000)]
  0x0000000014dc8800 JavaThread "Finalizer" daemon [_thread_blocked, id=1916, stack(0x0000000015a10000,0x0000000015b10000)]
  0x000000000283f000 JavaThread "Reference Handler" daemon [_thread_blocked, id=11700, stack(0x0000000015910000,0x0000000015a10000)]
  0x000000000294e800 JavaThread "main" [_thread_blocked, id=13432, stack(0x0000000002570000,0x0000000002670000)]

Other Threads:
  0x0000000014da7000 VMThread [stack: 0x0000000015810000,0x0000000015910000] [id=2336]
  0x0000000014e5c000 WatcherThread [stack: 0x0000000016110000,0x0000000016210000] [id=13000]

VM state:not at safepoint (normal execution)

VM Mutex/Monitor currently owned by a thread: None

Heap:
 PSYoungGen      total 153600K, used 21824K [0x00000000eab00000, 0x00000000f5700000, 0x0000000100000000)
  eden space 139776K, 6% used [0x00000000eab00000,0x00000000eb379248,0x00000000f3380000)
  from space 13824K, 95% used [0x00000000f3380000,0x00000000f4056f88,0x00000000f4100000)
  to   space 13824K, 0% used [0x00000000f4100000,0x00000000f4100000,0x00000000f4e80000)
 ParOldGen       total 124928K, used 43180K [0x00000000c0000000, 0x00000000c7a00000, 0x00000000eab00000)
  object space 124928K, 34% used [0x00000000c0000000,0x00000000c2a2b218,0x00000000c7a00000)
 Metaspace       used 74418K, capacity 76162K, committed 76456K, reserved 1116160K
  class space    used 9898K, capacity 10361K, committed 10416K, reserved 1048576K

Card table byte_map: [0x0000000011d10000,0x0000000011f20000] byte_map_base: 0x0000000011710000

Marking Bits: (ParMarkBitMap*) 0x00000000752a08c0
 Begin Bits: [0x0000000012280000, 0x0000000013280000)
 End Bits:   [0x0000000013280000, 0x0000000014280000)

Polling page: 0x00000000005e0000

CodeCache: size=245760Kb used=32818Kb max_used=33046Kb free=212941Kb
 bounds [0x0000000002950000, 0x00000000049d0000, 0x0000000011950000]
 total_blobs=10469 nmethods=9595 adapters=786
 compilation: enabled

Compilation events (10 events):
Event: 74.528 Thread 0x0000000014de2800 10834       2       org.gradle.api.internal.tasks.compile.incremental.asm.ClassDependenciesVisitor::analyze (54 bytes)
Event: 74.529 Thread 0x0000000014de2800 nmethod 10834 0x0000000002b63990 code [0x0000000002b63b20, 0x0000000002b63f78]
Event: 74.530 Thread 0x0000000014de2800 10835       2       org.gradle.api.internal.tasks.compile.incremental.deps.ClassDependentsAccumulator::addClass (183 bytes)
Event: 74.530 Thread 0x0000000014de2800 nmethod 10835 0x0000000002d2d690 code [0x0000000002d2d8e0, 0x0000000002d2dec8]
Event: 74.534 Thread 0x0000000014de2800 10836       2       org.gradle.api.internal.tasks.compile.incremental.analyzer.ClassAnalysisSerializer::write (56 bytes)
Event: 74.534 Thread 0x0000000014de2800 nmethod 10836 0x0000000002d30810 code [0x0000000002d309a0, 0x0000000002d30c08]
Event: 74.544 Thread 0x0000000014de0800 nmethod 10800 0x00000000049bbcd0 code [0x00000000049bc2e0, 0x00000000049c2740]
Event: 74.545 Thread 0x0000000014de0800 10831       4       org.objectweb.asm.ClassReader::readCode (5071 bytes)
Event: 74.729 Thread 0x0000000014de2800 10838       2       org.gradle.api.internal.tasks.compile.incremental.asm.ClassDependenciesVisitor$MethodVisitor::visitAnnotation (22 bytes)
Event: 74.730 Thread 0x0000000014de2800 nmethod 10838 0x00000000030afa90 code [0x00000000030afc40, 0x00000000030aff28]

GC Heap History (10 events):
Event: 47.891 GC heap before
{Heap before GC invocations=18 (full 3):
 PSYoungGen      total 120832K, used 110080K [0x00000000eab00000, 0x00000000f2e00000, 0x0000000100000000)
  eden space 110080K, 100% used [0x00000000eab00000,0x00000000f1680000,0x00000000f1680000)
  from space 10752K, 0% used [0x00000000f2180000,0x00000000f2180000,0x00000000f2c00000)
  to   space 11264K, 0% used [0x00000000f1680000,0x00000000f1680000,0x00000000f2180000)
 ParOldGen       total 124928K, used 35286K [0x00000000c0000000, 0x00000000c7a00000, 0x00000000eab00000)
  object space 124928K, 28% used [0x00000000c0000000,0x00000000c2275b98,0x00000000c7a00000)
 Metaspace       used 64463K, capacity 65964K, committed 66216K, reserved 1105920K
  class space    used 8847K, capacity 9288K, committed 9392K, reserved 1048576K
Event: 47.919 GC heap after
Heap after GC invocations=18 (full 3):
 PSYoungGen      total 121344K, used 11260K [0x00000000eab00000, 0x00000000f4380000, 0x0000000100000000)
  eden space 110080K, 0% used [0x00000000eab00000,0x00000000eab00000,0x00000000f1680000)
  from space 11264K, 99% used [0x00000000f1680000,0x00000000f217f1f8,0x00000000f2180000)
  to   space 12800K, 0% used [0x00000000f3700000,0x00000000f3700000,0x00000000f4380000)
 ParOldGen       total 124928K, used 36234K [0x00000000c0000000, 0x00000000c7a00000, 0x00000000eab00000)
  object space 124928K, 29% used [0x00000000c0000000,0x00000000c2362a48,0x00000000c7a00000)
 Metaspace       used 64463K, capacity 65964K, committed 66216K, reserved 1105920K
  class space    used 8847K, capacity 9288K, committed 9392K, reserved 1048576K
}
Event: 55.864 GC heap before
{Heap before GC invocations=19 (full 3):
 PSYoungGen      total 121344K, used 121340K [0x00000000eab00000, 0x00000000f4380000, 0x0000000100000000)
  eden space 110080K, 100% used [0x00000000eab00000,0x00000000f1680000,0x00000000f1680000)
  from space 11264K, 99% used [0x00000000f1680000,0x00000000f217f1f8,0x00000000f2180000)
  to   space 12800K, 0% used [0x00000000f3700000,0x00000000f3700000,0x00000000f4380000)
 ParOldGen       total 124928K, used 36234K [0x00000000c0000000, 0x00000000c7a00000, 0x00000000eab00000)
  object space 124928K, 29% used [0x00000000c0000000,0x00000000c2362a48,0x00000000c7a00000)
 Metaspace       used 66338K, capacity 67924K, committed 68136K, reserved 1107968K
  class space    used 9022K, capacity 9478K, committed 9520K, reserved 1048576K
Event: 55.893 GC heap after
Heap after GC invocations=19 (full 3):
 PSYoungGen      total 140800K, used 12132K [0x00000000eab00000, 0x00000000f4400000, 0x0000000100000000)
  eden space 128000K, 0% used [0x00000000eab00000,0x00000000eab00000,0x00000000f2800000)
  from space 12800K, 94% used [0x00000000f3700000,0x00000000f42d9360,0x00000000f4380000)
  to   space 14336K, 0% used [0x00000000f2800000,0x00000000f2800000,0x00000000f3600000)
 ParOldGen       total 124928K, used 43164K [0x00000000c0000000, 0x00000000c7a00000, 0x00000000eab00000)
  object space 124928K, 34% used [0x00000000c0000000,0x00000000c2a27218,0x00000000c7a00000)
 Metaspace       used 66338K, capacity 67924K, committed 68136K, reserved 1107968K
  class space    used 9022K, capacity 9478K, committed 9520K, reserved 1048576K
}
Event: 67.338 GC heap before
{Heap before GC invocations=20 (full 3):
 PSYoungGen      total 140800K, used 140132K [0x00000000eab00000, 0x00000000f4400000, 0x0000000100000000)
  eden space 128000K, 100% used [0x00000000eab00000,0x00000000f2800000,0x00000000f2800000)
  from space 12800K, 94% used [0x00000000f3700000,0x00000000f42d9360,0x00000000f4380000)
  to   space 14336K, 0% used [0x00000000f2800000,0x00000000f2800000,0x00000000f3600000)
 ParOldGen       total 124928K, used 43164K [0x00000000c0000000, 0x00000000c7a00000, 0x00000000eab00000)
  object space 124928K, 34% used [0x00000000c0000000,0x00000000c2a27218,0x00000000c7a00000)
 Metaspace       used 68450K, capacity 70076K, committed 70184K, reserved 1110016K
  class space    used 9234K, capacity 9720K, committed 9776K, reserved 1048576K
Event: 67.353 GC heap after
Heap after GC invocations=20 (full 3):
 PSYoungGen      total 142336K, used 5641K [0x00000000eab00000, 0x00000000f4e80000, 0x0000000100000000)
  eden space 128000K, 0% used [0x00000000eab00000,0x00000000eab00000,0x00000000f2800000)
  from space 14336K, 39% used [0x00000000f2800000,0x00000000f2d82778,0x00000000f3600000)
  to   space 13824K, 0% used [0x00000000f4100000,0x00000000f4100000,0x00000000f4e80000)
 ParOldGen       total 124928K, used 43172K [0x00000000c0000000, 0x00000000c7a00000, 0x00000000eab00000)
  object space 124928K, 34% used [0x00000000c0000000,0x00000000c2a29218,0x00000000c7a00000)
 Metaspace       used 68450K, capacity 70076K, committed 70184K, reserved 1110016K
  class space    used 9234K, capacity 9720K, committed 9776K, reserved 1048576K
}
Event: 67.837 GC heap before
{Heap before GC invocations=21 (full 3):
 PSYoungGen      total 142336K, used 133641K [0x00000000eab00000, 0x00000000f4e80000, 0x0000000100000000)
  eden space 128000K, 100% used [0x00000000eab00000,0x00000000f2800000,0x00000000f2800000)
  from space 14336K, 39% used [0x00000000f2800000,0x00000000f2d82778,0x00000000f3600000)
  to   space 13824K, 0% used [0x00000000f4100000,0x00000000f4100000,0x00000000f4e80000)
 ParOldGen       total 124928K, used 43172K [0x00000000c0000000, 0x00000000c7a00000, 0x00000000eab00000)
  object space 124928K, 34% used [0x00000000c0000000,0x00000000c2a29218,0x00000000c7a00000)
 Metaspace       used 68455K, capacity 70076K, committed 70184K, reserved 1110016K
  class space    used 9235K, capacity 9720K, committed 9776K, reserved 1048576K
Event: 67.860 GC heap after
Heap after GC invocations=21 (full 3):
 PSYoungGen      total 153600K, used 4708K [0x00000000eab00000, 0x00000000f5700000, 0x0000000100000000)
  eden space 139776K, 0% used [0x00000000eab00000,0x00000000eab00000,0x00000000f3380000)
  from space 13824K, 34% used [0x00000000f4100000,0x00000000f4599070,0x00000000f4e80000)
  to   space 13824K, 0% used [0x00000000f3380000,0x00000000f3380000,0x00000000f4100000)
 ParOldGen       total 124928K, used 43172K [0x00000000c0000000, 0x00000000c7a00000, 0x00000000eab00000)
  object space 124928K, 34% used [0x00000000c0000000,0x00000000c2a29218,0x00000000c7a00000)
 Metaspace       used 68455K, capacity 70076K, committed 70184K, reserved 1110016K
  class space    used 9235K, capacity 9720K, committed 9776K, reserved 1048576K
}
Event: 74.196 GC heap before
{Heap before GC invocations=22 (full 3):
 PSYoungGen      total 153600K, used 144484K [0x00000000eab00000, 0x00000000f5700000, 0x0000000100000000)
  eden space 139776K, 100% used [0x00000000eab00000,0x00000000f3380000,0x00000000f3380000)
  from space 13824K, 34% used [0x00000000f4100000,0x00000000f4599070,0x00000000f4e80000)
  to   space 13824K, 0% used [0x00000000f3380000,0x00000000f3380000,0x00000000f4100000)
 ParOldGen       total 124928K, used 43172K [0x00000000c0000000, 0x00000000c7a00000, 0x00000000eab00000)
  object space 124928K, 34% used [0x00000000c0000000,0x00000000c2a29218,0x00000000c7a00000)
 Metaspace       used 74417K, capacity 76162K, committed 76456K, reserved 1116160K
  class space    used 9898K, capacity 10361K, committed 10416K, reserved 1048576K
Event: 74.246 GC heap after
Heap after GC invocations=22 (full 3):
 PSYoungGen      total 153600K, used 13147K [0x00000000eab00000, 0x00000000f5700000, 0x0000000100000000)
  eden space 139776K, 0% used [0x00000000eab00000,0x00000000eab00000,0x00000000f3380000)
  from space 13824K, 95% used [0x00000000f3380000,0x00000000f4056f88,0x00000000f4100000)
  to   space 13824K, 0% used [0x00000000f4100000,0x00000000f4100000,0x00000000f4e80000)
 ParOldGen       total 124928K, used 43180K [0x00000000c0000000, 0x00000000c7a00000, 0x00000000eab00000)
  object space 124928K, 34% used [0x00000000c0000000,0x00000000c2a2b218,0x00000000c7a00000)
 Metaspace       used 74417K, capacity 76162K, committed 76456K, reserved 1116160K
  class space    used 9898K, capacity 10361K, committed 10416K, reserved 1048576K
}

Deoptimization events (10 events):
Event: 73.712 Thread 0x00000000176b1000 Uncommon trap: reason=class_check action=maybe_recompile pc=0x0000000003d318bc method=java.util.zip.InflaterInputStream.fill()V @ 19
Event: 73.712 Thread 0x00000000176b1000 Uncommon trap: reason=class_check action=maybe_recompile pc=0x00000000044544c8 method=org.objectweb.asm.ClassReader.accept(Lorg/objectweb/asm/ClassVisitor;[Lorg/objectweb/asm/Attribute;I)V @ 607
Event: 73.713 Thread 0x00000000176b1000 Uncommon trap: reason=bimorphic action=maybe_recompile pc=0x0000000004413dbc method=org.objectweb.asm.ClassReader.readMethod(Lorg/objectweb/asm/ClassVisitor;Lorg/objectweb/asm/Context;I)I @ 515
Event: 73.713 Thread 0x00000000176b1000 Uncommon trap: reason=bimorphic action=maybe_recompile pc=0x0000000004413dbc method=org.objectweb.asm.ClassReader.readMethod(Lorg/objectweb/asm/ClassVisitor;Lorg/objectweb/asm/Context;I)I @ 515
Event: 73.713 Thread 0x00000000176b1000 Uncommon trap: reason=bimorphic action=maybe_recompile pc=0x0000000004413dbc method=org.objectweb.asm.ClassReader.readMethod(Lorg/objectweb/asm/ClassVisitor;Lorg/objectweb/asm/Context;I)I @ 515
Event: 73.713 Thread 0x00000000176b1000 Uncommon trap: reason=class_check action=maybe_recompile pc=0x00000000044544c8 method=org.objectweb.asm.ClassReader.accept(Lorg/objectweb/asm/ClassVisitor;[Lorg/objectweb/asm/Attribute;I)V @ 607
Event: 73.714 Thread 0x00000000176b1000 Uncommon trap: reason=class_check action=maybe_recompile pc=0x00000000044544c8 method=org.objectweb.asm.ClassReader.accept(Lorg/objectweb/asm/ClassVisitor;[Lorg/objectweb/asm/Attribute;I)V @ 607
Event: 73.715 Thread 0x00000000176b1000 Uncommon trap: reason=bimorphic action=maybe_recompile pc=0x00000000043d495c method=org.objectweb.asm.ClassReader.readCode(Lorg/objectweb/asm/MethodVisitor;Lorg/objectweb/asm/Context;I)V @ 3875
Event: 73.718 Thread 0x00000000176b1000 Uncommon trap: reason=predicate action=maybe_recompile pc=0x00000000043d532c method=org.objectweb.asm.ClassReader.readCode(Lorg/objectweb/asm/MethodVisitor;Lorg/objectweb/asm/Context;I)V @ 1420
Event: 73.942 Thread 0x00000000176b1000 Uncommon trap: reason=predicate action=maybe_recompile pc=0x0000000004978698 method=org.objectweb.asm.ClassReader.readMethod(Lorg/objectweb/asm/ClassVisitor;Lorg/objectweb/asm/Context;I)I @ 696

Classes redefined (0 events):
No events

Internal exceptions (10 events):
Event: 63.707 Thread 0x00000000194f2800 Exception <a 'sun/nio/fs/WindowsException'> (0x00000000eeeb3140) thrown at [C:\re\workspace\8-2-build-windows-amd64-cygwin\jdk8u171\10807\hotspot\src\share\vm\prims\jni.cpp, line 709]
Event: 63.725 Thread 0x00000000176b2800 Exception <a 'sun/nio/fs/WindowsException'> (0x00000000eefad9c8) thrown at [C:\re\workspace\8-2-build-windows-amd64-cygwin\jdk8u171\10807\hotspot\src\share\vm\prims\jni.cpp, line 709]
Event: 63.730 Thread 0x00000000194f2800 Exception <a 'sun/nio/fs/WindowsException'> (0x00000000eeed5660) thrown at [C:\re\workspace\8-2-build-windows-amd64-cygwin\jdk8u171\10807\hotspot\src\share\vm\prims\jni.cpp, line 709]
Event: 63.740 Thread 0x00000000176b2800 Exception <a 'sun/nio/fs/WindowsException'> (0x00000000eefd26b8) thrown at [C:\re\workspace\8-2-build-windows-amd64-cygwin\jdk8u171\10807\hotspot\src\share\vm\prims\jni.cpp, line 709]
Event: 63.750 Thread 0x00000000194f2800 Exception <a 'sun/nio/fs/WindowsException'> (0x00000000eeef7188) thrown at [C:\re\workspace\8-2-build-windows-amd64-cygwin\jdk8u171\10807\hotspot\src\share\vm\prims\jni.cpp, line 709]
Event: 63.756 Thread 0x00000000176b2800 Exception <a 'sun/nio/fs/WindowsException'> (0x00000000eeff7460) thrown at [C:\re\workspace\8-2-build-windows-amd64-cygwin\jdk8u171\10807\hotspot\src\share\vm\prims\jni.cpp, line 709]
Event: 63.775 Thread 0x00000000194f2800 Exception <a 'sun/nio/fs/WindowsException'> (0x00000000eef18840) thrown at [C:\re\workspace\8-2-build-windows-amd64-cygwin\jdk8u171\10807\hotspot\src\share\vm\prims\jni.cpp, line 709]
Event: 63.795 Thread 0x00000000176b2800 Exception <a 'sun/nio/fs/WindowsException'> (0x00000000ef04bb20) thrown at [C:\re\workspace\8-2-build-windows-amd64-cygwin\jdk8u171\10807\hotspot\src\share\vm\prims\jni.cpp, line 709]
Event: 63.869 Thread 0x00000000194f2800 Exception <a 'java/lang/NoSuchMethodError': java.lang.Object.lambda$negate$1(Ljava/lang/Object;)Z> (0x00000000ef3a0628) thrown at [C:\re\workspace\8-2-build-windows-amd64-cygwin\jdk8u171\10807\hotspot\src\share\vm\interpreter\linkResolver.cpp, line 620]
Event: 65.647 Thread 0x00000000194f2800 Exception <a 'java/lang/NoSuchMethodError': java.lang.Object.lambda$comparingInt$7b0bb60$1(Ljava/util/function/ToIntFunction;Ljava/lang/Object;Ljava/lang/Object;)I> (0x00000000ef409208) thrown at [C:\re\workspace\8-2-build-windows-amd64-cygwin\jdk8u171\10

Events (10 events):
Event: 74.730 Thread 0x0000000014de2800 flushing nmethod 0x00000000036f0490
Event: 74.730 Thread 0x0000000014de2800 flushing nmethod 0x0000000003760710
Event: 74.730 Thread 0x0000000014de2800 flushing nmethod 0x0000000003814610
Event: 74.730 Thread 0x0000000014de2800 flushing nmethod 0x0000000003825710
Event: 74.730 Thread 0x0000000014de2800 flushing nmethod 0x00000000038266d0
Event: 74.730 Thread 0x0000000014de2800 flushing nmethod 0x0000000003842250
Event: 74.730 Thread 0x0000000014de2800 flushing nmethod 0x00000000038445d0
Event: 74.730 Thread 0x0000000014de2800 flushing nmethod 0x0000000003862b50
Event: 74.730 Thread 0x0000000014de2800 flushing nmethod 0x0000000003876490
Event: 74.730 Thread 0x0000000014de2800 flushing nmethod 0x00000000038946d0


Dynamic libraries:
0x00007ff6cfb60000 - 0x00007ff6cfb97000 	C:\Program Files\Java\jdk1.8.0_171\bin\java.exe
0x00007ffeb5170000 - 0x00007ffeb535d000 	C:\WINDOWS\SYSTEM32\ntdll.dll
0x00007ffeb3390000 - 0x00007ffeb3443000 	C:\WINDOWS\System32\KERNEL32.DLL
0x00007ffeb1e80000 - 0x00007ffeb2113000 	C:\WINDOWS\System32\KERNELBASE.dll
0x00007ffeb2530000 - 0x00007ffeb25d3000 	C:\WINDOWS\System32\ADVAPI32.dll
0x00007ffeb4940000 - 0x00007ffeb49de000 	C:\WINDOWS\System32\msvcrt.dll
0x00007ffeb23e0000 - 0x00007ffeb247e000 	C:\WINDOWS\System32\sechost.dll
0x00007ffeb4ff0000 - 0x00007ffeb5112000 	C:\WINDOWS\System32\RPCRT4.dll
0x00007ffeb2dd0000 - 0x00007ffeb2f67000 	C:\WINDOWS\System32\USER32.dll
0x00007ffeb1590000 - 0x00007ffeb15b0000 	C:\WINDOWS\System32\win32u.dll
0x00007ffeb4fc0000 - 0x00007ffeb4fe9000 	C:\WINDOWS\System32\GDI32.dll
0x00007ffeb1240000 - 0x00007ffeb13da000 	C:\WINDOWS\System32\gdi32full.dll
0x00007ffeb1db0000 - 0x00007ffeb1e50000 	C:\WINDOWS\System32\msvcp_win.dll
0x00007ffeb13e0000 - 0x00007ffeb14da000 	C:\WINDOWS\System32\ucrtbase.dll
0x00007ffea17d0000 - 0x00007ffea1a49000 	C:\WINDOWS\WinSxS\amd64_microsoft.windows.common-controls_6595b64144ccf1df_6.0.17763.379_none_05b83be8071c94a1\COMCTL32.dll
0x00007ffeb49e0000 - 0x00007ffeb4d0d000 	C:\WINDOWS\System32\combase.dll
0x00007ffeb2320000 - 0x00007ffeb239e000 	C:\WINDOWS\System32\bcryptPrimitives.dll
0x00007ffeb23b0000 - 0x00007ffeb23de000 	C:\WINDOWS\System32\IMM32.DLL
0x0000000076330000 - 0x0000000076402000 	C:\Program Files\Java\jdk1.8.0_171\jre\bin\msvcr100.dll
0x0000000074a80000 - 0x0000000075320000 	C:\Program Files\Java\jdk1.8.0_171\jre\bin\server\jvm.dll
0x00007ffeb4d10000 - 0x00007ffeb4d18000 	C:\WINDOWS\System32\PSAPI.DLL
0x00007ffeacc10000 - 0x00007ffeacc19000 	C:\WINDOWS\SYSTEM32\WSOCK32.dll
0x00007ffeae010000 - 0x00007ffeae034000 	C:\WINDOWS\SYSTEM32\WINMM.dll
0x00007ffeb32a0000 - 0x00007ffeb330d000 	C:\WINDOWS\System32\WS2_32.dll
0x00007ffea85f0000 - 0x00007ffea85fa000 	C:\WINDOWS\SYSTEM32\VERSION.dll
0x00007ffeadfe0000 - 0x00007ffeae00d000 	C:\WINDOWS\SYSTEM32\WINMMBASE.dll
0x00007ffeb1610000 - 0x00007ffeb165a000 	C:\WINDOWS\System32\cfgmgr32.dll
0x0000000050090000 - 0x000000005009f000 	C:\Program Files\Java\jdk1.8.0_171\jre\bin\verify.dll
0x0000000050060000 - 0x0000000050089000 	C:\Program Files\Java\jdk1.8.0_171\jre\bin\java.dll
0x0000000050040000 - 0x0000000050056000 	C:\Program Files\Java\jdk1.8.0_171\jre\bin\zip.dll
0x00007ffeb3450000 - 0x00007ffeb4940000 	C:\WINDOWS\System32\SHELL32.dll
0x00007ffeb2480000 - 0x00007ffeb2528000 	C:\WINDOWS\System32\shcore.dll
0x00007ffeb1660000 - 0x00007ffeb1daa000 	C:\WINDOWS\System32\windows.storage.dll
0x00007ffeb11b0000 - 0x00007ffeb11d4000 	C:\WINDOWS\System32\profapi.dll
0x00007ffeb11e0000 - 0x00007ffeb123d000 	C:\WINDOWS\System32\powrprof.dll
0x00007ffeb4d20000 - 0x00007ffeb4d72000 	C:\WINDOWS\System32\shlwapi.dll
0x00007ffeb1170000 - 0x00007ffeb1181000 	C:\WINDOWS\System32\kernel.appcore.dll
0x00007ffeb2120000 - 0x00007ffeb2137000 	C:\WINDOWS\System32\cryptsp.dll
0x0000000050020000 - 0x000000005003a000 	C:\Program Files\Java\jdk1.8.0_171\jre\bin\net.dll
0x00007ffeb09f0000 - 0x00007ffeb0a57000 	C:\WINDOWS\system32\mswsock.dll
0x0000000050000000 - 0x0000000050011000 	C:\Program Files\Java\jdk1.8.0_171\jre\bin\nio.dll
0x00007ffe9c9b0000 - 0x00007ffe9c9ce000 	C:\Users\userX\.gradle\native\25\windows-amd64\native-platform.dll
0x0000000077bb0000 - 0x0000000077bbd000 	C:\Program Files\Java\jdk1.8.0_171\jre\bin\management.dll
0x00007ffeb0550000 - 0x00007ffeb0583000 	C:\WINDOWS\system32\rsaenh.dll
0x00007ffeb1e50000 - 0x00007ffeb1e76000 	C:\WINDOWS\System32\bcrypt.dll
0x00007ffeb1070000 - 0x00007ffeb1098000 	C:\WINDOWS\SYSTEM32\USERENV.dll
0x00007ffeb0bc0000 - 0x00007ffeb0bcc000 	C:\WINDOWS\SYSTEM32\CRYPTBASE.dll
0x00007ffeb06f0000 - 0x00007ffeb072d000 	C:\WINDOWS\SYSTEM32\IPHLPAPI.DLL
0x00007ffeb23a0000 - 0x00007ffeb23a8000 	C:\WINDOWS\System32\NSI.dll
0x00007ffea6690000 - 0x00007ffea66a6000 	C:\WINDOWS\SYSTEM32\dhcpcsvc6.DLL
0x00007ffea6620000 - 0x00007ffea663c000 	C:\WINDOWS\SYSTEM32\dhcpcsvc.DLL
0x00007ffeb0730000 - 0x00007ffeb07f6000 	C:\WINDOWS\SYSTEM32\DNSAPI.dll
0x0000000077b80000 - 0x0000000077ba4000 	C:\Program Files\Java\jdk1.8.0_171\jre\bin\sunec.dll
0x00007ffea5610000 - 0x00007ffea561a000 	C:\Windows\System32\rasadhlp.dll
0x00007ffea5ab0000 - 0x00007ffea5b29000 	C:\WINDOWS\System32\fwpuclnt.dll
0x0000000077b70000 - 0x0000000077b7b000 	C:\Program Files\Java\jdk1.8.0_171\jre\bin\sunmscapi.dll
0x00007ffeb2140000 - 0x00007ffeb231b000 	C:\WINDOWS\System32\CRYPT32.dll
0x00007ffeb1190000 - 0x00007ffeb11a2000 	C:\WINDOWS\System32\MSASN1.dll

VM Arguments:
jvm_args: -XX:+HeapDumpOnOutOfMemoryError -Xmx1024m -Dfile.encoding=windows-1252 -Duser.country=US -Duser.language=en -Duser.variant 
java_command: org.gradle.launcher.daemon.bootstrap.GradleDaemon 4.10.2
java_class_path (initial): C:\Users\userX\.gradle\wrapper\dists\gradle-4.10.2-all\9fahxiiecdb76a5g3aw9oi8rv\gradle-4.10.2\lib\gradle-launcher-4.10.2.jar
Launcher Type: SUN_STANDARD

Environment Variables:
JAVA_HOME=C:\Program Files\Java\jdk1.8.0_171
CLASSPATH=C:\entranet\Others\5_React Native\rnWebRTC\android\\gradle\wrapper\gradle-wrapper.jar
USERNAME=userX
OS=Windows_NT
PROCESSOR_IDENTIFIER=Intel64 Family 6 Model 94 Stepping 3, GenuineIntel



---------------  S Y S T E M  ---------------

OS: Windows 10.0 , 64 bit Build 17763 (10.0.17763.379)

CPU:total 2 (initial active 2) (2 cores per cpu, 1 threads per core) family 6 model 94 stepping 3, cmov, cx8, fxsr, mmx, sse, sse2, sse3, ssse3, sse4.1, sse4.2, popcnt, aes, clmul, erms, 3dnowpref, lzcnt, tsc, tscinvbit

Memory: 4k page, physical 8255216k(637452k free), swap 14399216k(6096k free)

vm_info: Java HotSpot(TM) 64-Bit Server VM (25.171-b11) for windows-amd64 JRE (1.8.0_171-b11), built on Mar 28 2018 16:06:12 by "java_re" with MS VC++ 10.0 (VS2010)

time: Tue Apr 09 15:53:04 2019
elapsed time: 74 seconds (0d 0h 1m 14s)

